2026-04-03 04:06:09 [TAPT] INFO - Logging to file: ./logs/bbbp_tapt/bbbp_tapt/training.log
2026-04-03 04:06:09 [TAPT] INFO - ================================================================================
2026-04-03 04:06:09 [TAPT] INFO - EXPERIMENT CONFIGURATION
2026-04-03 04:06:09 [TAPT] INFO - ================================================================================
2026-04-03 04:06:09 [TAPT] INFO - Experiment Name: bbbp_tapt
2026-04-03 04:06:09 [TAPT] INFO - Experiment ID: bbbp_tapt
2026-04-03 04:06:09 [TAPT] INFO - Mode: TAPT
2026-04-03 04:06:09 [TAPT] INFO - Step: pretrain
2026-04-03 04:06:09 [TAPT] INFO - --------------------------------------------------------------------------------
2026-04-03 04:06:09 [TAPT] INFO - Dataset Configuration:
2026-04-03 04:06:09 [TAPT] INFO -   Data Path: ./data/bbbp.csv
2026-04-03 04:06:09 [TAPT] INFO -   Dataset Type: classification
2026-04-03 04:06:09 [TAPT] INFO -   Split Type: scaffold_balanced
2026-04-03 04:06:09 [TAPT] INFO -   Split Sizes: [0.8, 0.1, 0.1]
2026-04-03 04:06:09 [TAPT] INFO -   Metric: auc
2026-04-03 04:06:09 [TAPT] INFO - --------------------------------------------------------------------------------
2026-04-03 04:06:09 [TAPT] INFO - Training Configuration:
2026-04-03 04:06:09 [TAPT] INFO -   Epochs: 100
2026-04-03 04:06:09 [TAPT] INFO -   Batch Size: 50
2026-04-03 04:06:09 [TAPT] INFO -   Num Runs: 5
2026-04-03 04:06:09 [TAPT] INFO -   Seed: 4
2026-04-03 04:06:09 [TAPT] INFO -   GPU: 0
2026-04-03 04:06:09 [TAPT] INFO - --------------------------------------------------------------------------------
2026-04-03 04:06:09 [TAPT] INFO - Model Configuration:
2026-04-03 04:06:09 [TAPT] INFO -   Encoder: CMPNN
2026-04-03 04:06:09 [TAPT] INFO -   Hidden Size: 300
2026-04-03 04:06:09 [TAPT] INFO -   Depth: 3
2026-04-03 04:06:09 [TAPT] INFO -   Dropout: 0.0
2026-04-03 04:06:09 [TAPT] INFO -   FFN Hidden Size: 300
2026-04-03 04:06:09 [TAPT] INFO -   FFN Num Layers: 2
2026-04-03 04:06:09 [TAPT] INFO - --------------------------------------------------------------------------------
2026-04-03 04:06:09 [TAPT] INFO - TAPT Configuration:
2026-04-03 04:06:09 [TAPT] INFO -   Prompt Dimension: 256
2026-04-03 04:06:09 [TAPT] INFO -   Prompt Tokens: 5
2026-04-03 04:06:09 [TAPT] INFO -   Task ID: 0
2026-04-03 04:06:09 [TAPT] INFO -   Backbone Learning Rate: 1e-05
2026-04-03 04:06:09 [TAPT] INFO -   Prompt Learning Rate: 0.0001
2026-04-03 04:06:09 [TAPT] INFO -   Freeze Encoder: False
2026-04-03 04:06:09 [TAPT] INFO -   Injection Layers: None
2026-04-03 04:06:09 [TAPT] INFO -   TAPT Dropout: 0.1
2026-04-03 04:06:09 [TAPT] INFO -   Weight Decay: 0.0
2026-04-03 04:06:09 [TAPT] INFO - --------------------------------------------------------------------------------
2026-04-03 04:06:09 [TAPT] INFO - Checkpoint Configuration:
2026-04-03 04:06:09 [TAPT] INFO -   Checkpoint Path: ./dumped/pretrained_graph_encoder/original_CMPN_0623_1350_14000th_epoch.pkl
2026-04-03 04:06:09 [TAPT] INFO - ================================================================================
2026-04-03 04:06:09 [TAPT] INFO - 
2026-04-03 04:06:09 [TAPT] INFO - Validating TAPT requirements...
2026-04-03 04:06:09 [TAPT] INFO - TAPT model module found
2026-04-03 04:06:09 [TAPT] INFO - All TAPT requirements satisfied
2026-04-03 04:06:09 [TAPT] INFO - Starting training...
2026-04-03 04:06:09 [TAPT] INFO - 
2026-04-03 04:06:09 [TAPT] INFO - Loading data
2026-04-03 04:06:09 [TAPT] INFO - Number of tasks = 1
2026-04-03 04:06:09 [TAPT] DEBUG - Splitting data with seed 4
2026-04-03 04:06:10 [TAPT] DEBUG - Total scaffolds = 1,025 | train scaffolds = 822 | val scaffolds = 112 | test scaffolds = 91
2026-04-03 04:06:10 [TAPT] DEBUG - Label averages per scaffold, in decreasing order of scaffold frequency,capped at 10 scaffolds and 20 labels: [(array([0.72992701]), array([137])), (array([1.]), array([1])), (array([1.]), array([1])), (array([0.75]), array([4])), (array([1.]), array([1])), (array([1.]), array([1])), (array([1.]), array([1])), (array([1.]), array([1])), (array([1.]), array([2])), (array([1.]), array([1]))]
2026-04-03 04:06:10 [TAPT] DEBUG - Class sizes
2026-04-03 04:06:10 [TAPT] DEBUG - p_np 0: 23.49%, 1: 76.51%
2026-04-03 04:06:10 [TAPT] DEBUG - Total size = 2,039 | train size = 1,631 | val size = 203 | test size = 205
2026-04-03 04:06:10 [TAPT] INFO - 
================================================================================
2026-04-03 04:06:10 [TAPT] INFO - Starting Run 1/5
2026-04-03 04:06:10 [TAPT] INFO - ================================================================================

2026-04-03 04:06:10 [TAPT] INFO - Training Model 1/5
2026-04-03 04:06:10 [TAPT] INFO - Building TAPT model
2026-04-03 04:06:10 [TAPT] INFO - Loading KANO checkpoint: ./dumped/pretrained_graph_encoder/original_CMPN_0623_1350_14000th_epoch.pkl
2026-04-03 04:06:10 [TAPT] INFO - KANO encoder weights loaded: 1,932,300 parameters
2026-04-03 04:06:10 [TAPT] DEBUG - Missing keys: 17
2026-04-03 04:06:10 [TAPT] INFO - TAPT model built with prompt_dim=256
2026-04-03 04:06:10 [TAPT] DEBUG - MoleculeModel(
  (sigmoid): Sigmoid()
  (encoder): CMPNAdapter(
    (cmpn): CMPN(
      (encoder): CMPNEncoder(
        (dropout_layer): Dropout(p=0.0, inplace=False)
        (act_func): ReLU()
        (W_i_atom): Linear(in_features=133, out_features=300, bias=False)
        (W_i_bond): Linear(in_features=147, out_features=300, bias=False)
        (W_h_atom): Linear(in_features=447, out_features=300, bias=False)
        (W_h_0): Linear(in_features=300, out_features=300, bias=False)
        (W_h_1): Linear(in_features=300, out_features=300, bias=False)
        (W_o): Linear(in_features=600, out_features=300, bias=True)
        (gru): BatchGRU(
          (gru): GRU(300, 300, batch_first=True, bidirectional=True)
        )
        (lr): Linear(in_features=900, out_features=300, bias=False)
      )
    )
    (encoder): CMPNEncoder(
      (dropout_layer): Dropout(p=0.0, inplace=False)
      (act_func): ReLU()
      (W_i_atom): Linear(in_features=133, out_features=300, bias=False)
      (W_i_bond): Linear(in_features=147, out_features=300, bias=False)
      (W_h_atom): Linear(in_features=447, out_features=300, bias=False)
      (W_h_0): Linear(in_features=300, out_features=300, bias=False)
      (W_h_1): Linear(in_features=300, out_features=300, bias=False)
      (W_o): Linear(in_features=600, out_features=300, bias=True)
      (gru): BatchGRU(
        (gru): GRU(300, 300, batch_first=True, bidirectional=True)
      )
      (lr): Linear(in_features=900, out_features=300, bias=False)
    )
  )
  (ffn): Sequential(
    (0): Dropout(p=0.0, inplace=False)
    (1): Linear(in_features=300, out_features=300, bias=True)
    (2): ReLU()
    (3): Dropout(p=0.0, inplace=False)
    (4): Linear(in_features=300, out_features=1, bias=True)
  )
  (tapt_module): TAPTPromptModule(
    (task_embed_layer): TaskEmbeddingLayer(
      (task_embed): Embedding(1, 128)
    )
    (cross_attn): CrossAttentionModule(
      (fg_proj): Linear(in_features=133, out_features=256, bias=True)
      (task_proj): Linear(in_features=128, out_features=256, bias=True)
      (value_proj): Linear(in_features=133, out_features=256, bias=True)
      (out_proj): Linear(in_features=256, out_features=256, bias=True)
    )
    (fusion_proj): Sequential(
      (0): Linear(in_features=256, out_features=256, bias=True)
      (1): ReLU()
      (2): Linear(in_features=256, out_features=256, bias=True)
    )
  )
)
2026-04-03 04:06:10 [TAPT] DEBUG - Number of parameters = 2,322,037
2026-04-03 04:06:10 [TAPT] DEBUG - Moving model to cuda
2026-04-03 04:06:13 [TAPT] INFO - Optimizer: Differential learning rates (KANO + TAPT)
2026-04-03 04:06:13 [TAPT] INFO - Scheduler: NoamLR (differential LR)
2026-04-03 04:06:13 [TAPT] INFO - 
================================================================================
2026-04-03 04:06:13 [TAPT] INFO - MODEL ARCHITECTURE SUMMARY
2026-04-03 04:06:13 [TAPT] INFO - ================================================================================
2026-04-03 04:06:13 [TAPT] INFO - Total parameters: 2,322,037
2026-04-03 04:06:13 [TAPT] INFO - Trainable parameters: 2,322,037 (100.00%)
2026-04-03 04:06:13 [TAPT] INFO - Frozen parameters: 0 (0.00%)
2026-04-03 04:06:13 [TAPT] INFO - TAPT parameters: 299,136 (12.88% of trainable)
2026-04-03 04:06:13 [TAPT] INFO - ================================================================================

2026-04-03 04:06:13 [TAPT] INFO - Epoch 1/100
2026-04-03 04:06:18 [TAPT] INFO - Epoch 2/100
2026-04-03 04:06:23 [TAPT] INFO - Epoch 3/100
2026-04-03 04:06:28 [TAPT] INFO - Epoch 4/100
2026-04-03 04:06:33 [TAPT] INFO - Epoch 5/100
2026-04-03 04:06:38 [TAPT] INFO - Epoch 6/100
2026-04-03 04:06:43 [TAPT] INFO - Epoch 7/100
2026-04-03 04:06:48 [TAPT] DEBUG - No improvement. Patience: 1/30
2026-04-03 04:06:48 [TAPT] INFO - Epoch 8/100
2026-04-03 04:06:53 [TAPT] INFO - Epoch 9/100
2026-04-03 04:06:59 [TAPT] DEBUG - No improvement. Patience: 1/30
2026-04-03 04:06:59 [TAPT] INFO - Epoch 10/100
2026-04-03 04:07:04 [TAPT] DEBUG - No improvement. Patience: 2/30
2026-04-03 04:07:04 [TAPT] INFO - Epoch 11/100
2026-04-03 04:07:09 [TAPT] DEBUG - No improvement. Patience: 3/30
2026-04-03 04:07:09 [TAPT] INFO - Epoch 12/100
2026-04-03 04:07:13 [TAPT] DEBUG - No improvement. Patience: 4/30
2026-04-03 04:07:13 [TAPT] INFO - Epoch 13/100
2026-04-03 04:07:18 [TAPT] DEBUG - No improvement. Patience: 5/30
2026-04-03 04:07:18 [TAPT] INFO - Epoch 14/100
2026-04-03 04:07:23 [TAPT] DEBUG - No improvement. Patience: 6/30
2026-04-03 04:07:23 [TAPT] INFO - Epoch 15/100
2026-04-03 04:07:29 [TAPT] DEBUG - No improvement. Patience: 7/30
2026-04-03 04:07:29 [TAPT] INFO - Epoch 16/100
2026-04-03 04:07:34 [TAPT] DEBUG - No improvement. Patience: 8/30
2026-04-03 04:07:34 [TAPT] INFO - Epoch 17/100
2026-04-03 04:07:39 [TAPT] DEBUG - No improvement. Patience: 9/30
2026-04-03 04:07:39 [TAPT] INFO - Epoch 18/100
2026-04-03 04:07:44 [TAPT] DEBUG - No improvement. Patience: 10/30
2026-04-03 04:07:44 [TAPT] INFO - Epoch 19/100
2026-04-03 04:07:49 [TAPT] DEBUG - No improvement. Patience: 11/30
2026-04-03 04:07:49 [TAPT] INFO - Epoch 20/100
2026-04-03 04:07:54 [TAPT] DEBUG - No improvement. Patience: 12/30
2026-04-03 04:07:54 [TAPT] INFO - Epoch 21/100
2026-04-03 04:07:59 [TAPT] DEBUG - No improvement. Patience: 13/30
2026-04-03 04:07:59 [TAPT] INFO - Epoch 22/100
2026-04-03 04:08:04 [TAPT] DEBUG - No improvement. Patience: 14/30
2026-04-03 04:08:04 [TAPT] INFO - Epoch 23/100
2026-04-03 04:08:09 [TAPT] DEBUG - No improvement. Patience: 15/30
2026-04-03 04:08:09 [TAPT] INFO - Epoch 24/100
2026-04-03 04:08:14 [TAPT] DEBUG - No improvement. Patience: 16/30
2026-04-03 04:08:14 [TAPT] INFO - Epoch 25/100
2026-04-03 04:08:19 [TAPT] DEBUG - No improvement. Patience: 17/30
2026-04-03 04:08:19 [TAPT] INFO - Epoch 26/100
2026-04-03 04:08:24 [TAPT] DEBUG - No improvement. Patience: 18/30
2026-04-03 04:08:24 [TAPT] INFO - Epoch 27/100
2026-04-03 04:08:29 [TAPT] DEBUG - No improvement. Patience: 19/30
2026-04-03 04:08:29 [TAPT] INFO - Epoch 28/100
2026-04-03 04:08:34 [TAPT] DEBUG - No improvement. Patience: 20/30
2026-04-03 04:08:34 [TAPT] INFO - Epoch 29/100
2026-04-03 04:08:39 [TAPT] DEBUG - No improvement. Patience: 21/30
2026-04-03 04:08:39 [TAPT] INFO - Epoch 30/100
2026-04-03 04:08:44 [TAPT] DEBUG - No improvement. Patience: 22/30
2026-04-03 04:08:44 [TAPT] INFO - Epoch 31/100
2026-04-03 04:08:49 [TAPT] DEBUG - No improvement. Patience: 23/30
2026-04-03 04:08:49 [TAPT] INFO - Epoch 32/100
2026-04-03 04:08:54 [TAPT] DEBUG - No improvement. Patience: 24/30
2026-04-03 04:08:54 [TAPT] INFO - Epoch 33/100
2026-04-03 04:08:59 [TAPT] DEBUG - No improvement. Patience: 25/30
2026-04-03 04:08:59 [TAPT] INFO - Epoch 34/100
2026-04-03 04:09:04 [TAPT] DEBUG - No improvement. Patience: 26/30
2026-04-03 04:09:04 [TAPT] INFO - Epoch 35/100
2026-04-03 04:09:09 [TAPT] DEBUG - No improvement. Patience: 27/30
2026-04-03 04:09:09 [TAPT] INFO - Epoch 36/100
2026-04-03 04:09:14 [TAPT] DEBUG - No improvement. Patience: 28/30
2026-04-03 04:09:14 [TAPT] INFO - Epoch 37/100
2026-04-03 04:09:19 [TAPT] DEBUG - No improvement. Patience: 29/30
2026-04-03 04:09:19 [TAPT] INFO - Epoch 38/100
2026-04-03 04:09:24 [TAPT] DEBUG - No improvement. Patience: 30/30
2026-04-03 04:09:24 [TAPT] INFO - Early stopping at epoch 37. Best epoch: 7
2026-04-03 04:09:24 [TAPT] INFO - Model 0 best validation auc = 0.901828 on epoch 7
2026-04-03 04:09:24 [TAPT] INFO - Training Model 2/5
2026-04-03 04:09:24 [TAPT] INFO - Building TAPT model
2026-04-03 04:09:24 [TAPT] INFO - Loading KANO checkpoint: ./dumped/pretrained_graph_encoder/original_CMPN_0623_1350_14000th_epoch.pkl
2026-04-03 04:09:24 [TAPT] INFO - KANO encoder weights loaded: 1,932,300 parameters
2026-04-03 04:09:24 [TAPT] DEBUG - Missing keys: 17
2026-04-03 04:09:24 [TAPT] INFO - TAPT model built with prompt_dim=256
2026-04-03 04:09:24 [TAPT] DEBUG - MoleculeModel(
  (sigmoid): Sigmoid()
  (encoder): CMPNAdapter(
    (cmpn): CMPN(
      (encoder): CMPNEncoder(
        (dropout_layer): Dropout(p=0.0, inplace=False)
        (act_func): ReLU()
        (W_i_atom): Linear(in_features=133, out_features=300, bias=False)
        (W_i_bond): Linear(in_features=147, out_features=300, bias=False)
        (W_h_atom): Linear(in_features=447, out_features=300, bias=False)
        (W_h_0): Linear(in_features=300, out_features=300, bias=False)
        (W_h_1): Linear(in_features=300, out_features=300, bias=False)
        (W_o): Linear(in_features=600, out_features=300, bias=True)
        (gru): BatchGRU(
          (gru): GRU(300, 300, batch_first=True, bidirectional=True)
        )
        (lr): Linear(in_features=900, out_features=300, bias=False)
      )
    )
    (encoder): CMPNEncoder(
      (dropout_layer): Dropout(p=0.0, inplace=False)
      (act_func): ReLU()
      (W_i_atom): Linear(in_features=133, out_features=300, bias=False)
      (W_i_bond): Linear(in_features=147, out_features=300, bias=False)
      (W_h_atom): Linear(in_features=447, out_features=300, bias=False)
      (W_h_0): Linear(in_features=300, out_features=300, bias=False)
      (W_h_1): Linear(in_features=300, out_features=300, bias=False)
      (W_o): Linear(in_features=600, out_features=300, bias=True)
      (gru): BatchGRU(
        (gru): GRU(300, 300, batch_first=True, bidirectional=True)
      )
      (lr): Linear(in_features=900, out_features=300, bias=False)
    )
  )
  (ffn): Sequential(
    (0): Dropout(p=0.0, inplace=False)
    (1): Linear(in_features=300, out_features=300, bias=True)
    (2): ReLU()
    (3): Dropout(p=0.0, inplace=False)
    (4): Linear(in_features=300, out_features=1, bias=True)
  )
  (tapt_module): TAPTPromptModule(
    (task_embed_layer): TaskEmbeddingLayer(
      (task_embed): Embedding(1, 128)
    )
    (cross_attn): CrossAttentionModule(
      (fg_proj): Linear(in_features=133, out_features=256, bias=True)
      (task_proj): Linear(in_features=128, out_features=256, bias=True)
      (value_proj): Linear(in_features=133, out_features=256, bias=True)
      (out_proj): Linear(in_features=256, out_features=256, bias=True)
    )
    (fusion_proj): Sequential(
      (0): Linear(in_features=256, out_features=256, bias=True)
      (1): ReLU()
      (2): Linear(in_features=256, out_features=256, bias=True)
    )
  )
)
2026-04-03 04:09:24 [TAPT] DEBUG - Number of parameters = 2,322,037
2026-04-03 04:09:24 [TAPT] DEBUG - Moving model to cuda
2026-04-03 04:09:24 [TAPT] INFO - Optimizer: Differential learning rates (KANO + TAPT)
2026-04-03 04:09:24 [TAPT] INFO - Scheduler: NoamLR (differential LR)
2026-04-03 04:09:24 [TAPT] INFO - Epoch 1/100
2026-04-03 04:09:29 [TAPT] INFO - Epoch 2/100
2026-04-03 04:09:34 [TAPT] INFO - Epoch 3/100
2026-04-03 04:09:39 [TAPT] INFO - Epoch 4/100
2026-04-03 04:09:44 [TAPT] INFO - Epoch 5/100
2026-04-03 04:09:49 [TAPT] INFO - Epoch 6/100
2026-04-03 04:09:54 [TAPT] INFO - Epoch 7/100
2026-04-03 04:09:59 [TAPT] DEBUG - No improvement. Patience: 1/30
2026-04-03 04:09:59 [TAPT] INFO - Epoch 8/100
2026-04-03 04:10:04 [TAPT] INFO - Epoch 9/100
2026-04-03 04:10:10 [TAPT] DEBUG - No improvement. Patience: 1/30
2026-04-03 04:10:10 [TAPT] INFO - Epoch 10/100
2026-04-03 04:10:15 [TAPT] DEBUG - No improvement. Patience: 2/30
2026-04-03 04:10:15 [TAPT] INFO - Epoch 11/100
2026-04-03 04:10:20 [TAPT] DEBUG - No improvement. Patience: 3/30
2026-04-03 04:10:20 [TAPT] INFO - Epoch 12/100
2026-04-03 04:10:24 [TAPT] DEBUG - No improvement. Patience: 4/30
2026-04-03 04:10:24 [TAPT] INFO - Epoch 13/100
2026-04-03 04:10:29 [TAPT] DEBUG - No improvement. Patience: 5/30
2026-04-03 04:10:29 [TAPT] INFO - Epoch 14/100
2026-04-03 04:10:34 [TAPT] DEBUG - No improvement. Patience: 6/30
2026-04-03 04:10:34 [TAPT] INFO - Epoch 15/100
2026-04-03 04:10:39 [TAPT] DEBUG - No improvement. Patience: 7/30
2026-04-03 04:10:39 [TAPT] INFO - Epoch 16/100
2026-04-03 04:10:44 [TAPT] DEBUG - No improvement. Patience: 8/30
2026-04-03 04:10:44 [TAPT] INFO - Epoch 17/100
2026-04-03 04:10:49 [TAPT] DEBUG - No improvement. Patience: 9/30
2026-04-03 04:10:49 [TAPT] INFO - Epoch 18/100
2026-04-03 04:10:54 [TAPT] DEBUG - No improvement. Patience: 10/30
2026-04-03 04:10:54 [TAPT] INFO - Epoch 19/100
2026-04-03 04:10:59 [TAPT] DEBUG - No improvement. Patience: 11/30
2026-04-03 04:10:59 [TAPT] INFO - Epoch 20/100
2026-04-03 04:11:04 [TAPT] DEBUG - No improvement. Patience: 12/30
2026-04-03 04:11:04 [TAPT] INFO - Epoch 21/100
2026-04-03 04:11:09 [TAPT] DEBUG - No improvement. Patience: 13/30
2026-04-03 04:11:09 [TAPT] INFO - Epoch 22/100
2026-04-03 04:11:14 [TAPT] DEBUG - No improvement. Patience: 14/30
2026-04-03 04:11:14 [TAPT] INFO - Epoch 23/100
2026-04-03 04:11:19 [TAPT] DEBUG - No improvement. Patience: 15/30
2026-04-03 04:11:19 [TAPT] INFO - Epoch 24/100
2026-04-03 04:11:24 [TAPT] DEBUG - No improvement. Patience: 16/30
2026-04-03 04:11:24 [TAPT] INFO - Epoch 25/100
2026-04-03 04:11:29 [TAPT] DEBUG - No improvement. Patience: 17/30
2026-04-03 04:11:29 [TAPT] INFO - Epoch 26/100
2026-04-03 04:11:34 [TAPT] DEBUG - No improvement. Patience: 18/30
2026-04-03 04:11:34 [TAPT] INFO - Epoch 27/100
2026-04-03 04:11:39 [TAPT] DEBUG - No improvement. Patience: 19/30
2026-04-03 04:11:39 [TAPT] INFO - Epoch 28/100
2026-04-03 04:11:44 [TAPT] DEBUG - No improvement. Patience: 20/30
2026-04-03 04:11:44 [TAPT] INFO - Epoch 29/100
2026-04-03 04:11:49 [TAPT] DEBUG - No improvement. Patience: 21/30
2026-04-03 04:11:49 [TAPT] INFO - Epoch 30/100
2026-04-03 04:11:55 [TAPT] DEBUG - No improvement. Patience: 22/30
2026-04-03 04:11:55 [TAPT] INFO - Epoch 31/100
2026-04-03 04:11:59 [TAPT] DEBUG - No improvement. Patience: 23/30
2026-04-03 04:11:59 [TAPT] INFO - Epoch 32/100
2026-04-03 04:12:04 [TAPT] DEBUG - No improvement. Patience: 24/30
2026-04-03 04:12:04 [TAPT] INFO - Epoch 33/100
2026-04-03 04:12:09 [TAPT] DEBUG - No improvement. Patience: 25/30
2026-04-03 04:12:09 [TAPT] INFO - Epoch 34/100
2026-04-03 04:12:15 [TAPT] DEBUG - No improvement. Patience: 26/30
2026-04-03 04:12:15 [TAPT] INFO - Epoch 35/100
2026-04-03 04:12:20 [TAPT] DEBUG - No improvement. Patience: 27/30
2026-04-03 04:12:20 [TAPT] INFO - Epoch 36/100
2026-04-03 04:12:25 [TAPT] DEBUG - No improvement. Patience: 28/30
2026-04-03 04:12:25 [TAPT] INFO - Epoch 37/100
2026-04-03 04:12:30 [TAPT] DEBUG - No improvement. Patience: 29/30
2026-04-03 04:12:30 [TAPT] INFO - Epoch 38/100
2026-04-03 04:12:35 [TAPT] DEBUG - No improvement. Patience: 30/30
2026-04-03 04:12:35 [TAPT] INFO - Early stopping at epoch 37. Best epoch: 7
2026-04-03 04:12:35 [TAPT] INFO - Model 1 best validation auc = 0.901689 on epoch 7
2026-04-03 04:12:36 [TAPT] INFO - Training Model 3/5
2026-04-03 04:12:36 [TAPT] INFO - Building TAPT model
2026-04-03 04:12:36 [TAPT] INFO - Loading KANO checkpoint: ./dumped/pretrained_graph_encoder/original_CMPN_0623_1350_14000th_epoch.pkl
2026-04-03 04:12:36 [TAPT] INFO - KANO encoder weights loaded: 1,932,300 parameters
2026-04-03 04:12:36 [TAPT] DEBUG - Missing keys: 17
2026-04-03 04:12:36 [TAPT] INFO - TAPT model built with prompt_dim=256
2026-04-03 04:12:36 [TAPT] DEBUG - MoleculeModel(
  (sigmoid): Sigmoid()
  (encoder): CMPNAdapter(
    (cmpn): CMPN(
      (encoder): CMPNEncoder(
        (dropout_layer): Dropout(p=0.0, inplace=False)
        (act_func): ReLU()
        (W_i_atom): Linear(in_features=133, out_features=300, bias=False)
        (W_i_bond): Linear(in_features=147, out_features=300, bias=False)
        (W_h_atom): Linear(in_features=447, out_features=300, bias=False)
        (W_h_0): Linear(in_features=300, out_features=300, bias=False)
        (W_h_1): Linear(in_features=300, out_features=300, bias=False)
        (W_o): Linear(in_features=600, out_features=300, bias=True)
        (gru): BatchGRU(
          (gru): GRU(300, 300, batch_first=True, bidirectional=True)
        )
        (lr): Linear(in_features=900, out_features=300, bias=False)
      )
    )
    (encoder): CMPNEncoder(
      (dropout_layer): Dropout(p=0.0, inplace=False)
      (act_func): ReLU()
      (W_i_atom): Linear(in_features=133, out_features=300, bias=False)
      (W_i_bond): Linear(in_features=147, out_features=300, bias=False)
      (W_h_atom): Linear(in_features=447, out_features=300, bias=False)
      (W_h_0): Linear(in_features=300, out_features=300, bias=False)
      (W_h_1): Linear(in_features=300, out_features=300, bias=False)
      (W_o): Linear(in_features=600, out_features=300, bias=True)
      (gru): BatchGRU(
        (gru): GRU(300, 300, batch_first=True, bidirectional=True)
      )
      (lr): Linear(in_features=900, out_features=300, bias=False)
    )
  )
  (ffn): Sequential(
    (0): Dropout(p=0.0, inplace=False)
    (1): Linear(in_features=300, out_features=300, bias=True)
    (2): ReLU()
    (3): Dropout(p=0.0, inplace=False)
    (4): Linear(in_features=300, out_features=1, bias=True)
  )
  (tapt_module): TAPTPromptModule(
    (task_embed_layer): TaskEmbeddingLayer(
      (task_embed): Embedding(1, 128)
    )
    (cross_attn): CrossAttentionModule(
      (fg_proj): Linear(in_features=133, out_features=256, bias=True)
      (task_proj): Linear(in_features=128, out_features=256, bias=True)
      (value_proj): Linear(in_features=133, out_features=256, bias=True)
      (out_proj): Linear(in_features=256, out_features=256, bias=True)
    )
    (fusion_proj): Sequential(
      (0): Linear(in_features=256, out_features=256, bias=True)
      (1): ReLU()
      (2): Linear(in_features=256, out_features=256, bias=True)
    )
  )
)
2026-04-03 04:12:36 [TAPT] DEBUG - Number of parameters = 2,322,037
2026-04-03 04:12:36 [TAPT] DEBUG - Moving model to cuda
2026-04-03 04:12:36 [TAPT] INFO - Optimizer: Differential learning rates (KANO + TAPT)
2026-04-03 04:12:36 [TAPT] INFO - Scheduler: NoamLR (differential LR)
2026-04-03 04:12:36 [TAPT] INFO - Epoch 1/100
2026-04-03 04:12:41 [TAPT] INFO - Epoch 2/100
2026-04-03 04:12:46 [TAPT] INFO - Epoch 3/100
2026-04-03 04:12:52 [TAPT] INFO - Epoch 4/100
2026-04-03 04:49:46 [TAPT] INFO - Logging to file: ./logs/bbbp_tapt/bbbp_tapt/training.log
2026-04-03 04:49:46 [TAPT] INFO - ================================================================================
2026-04-03 04:49:46 [TAPT] INFO - EXPERIMENT CONFIGURATION
2026-04-03 04:49:46 [TAPT] INFO - ================================================================================
2026-04-03 04:49:46 [TAPT] INFO - Experiment Name: bbbp_tapt
2026-04-03 04:49:46 [TAPT] INFO - Experiment ID: bbbp_tapt
2026-04-03 04:49:46 [TAPT] INFO - Mode: TAPT
2026-04-03 04:49:46 [TAPT] INFO - Step: pretrain
2026-04-03 04:49:46 [TAPT] INFO - --------------------------------------------------------------------------------
2026-04-03 04:49:46 [TAPT] INFO - Dataset Configuration:
2026-04-03 04:49:46 [TAPT] INFO -   Data Path: ./data/bbbp.csv
2026-04-03 04:49:46 [TAPT] INFO -   Dataset Type: classification
2026-04-03 04:49:46 [TAPT] INFO -   Split Type: scaffold_balanced
2026-04-03 04:49:46 [TAPT] INFO -   Split Sizes: [0.8, 0.1, 0.1]
2026-04-03 04:49:46 [TAPT] INFO -   Metric: auc
2026-04-03 04:49:46 [TAPT] INFO - --------------------------------------------------------------------------------
2026-04-03 04:49:46 [TAPT] INFO - Training Configuration:
2026-04-03 04:49:46 [TAPT] INFO -   Epochs: 100
2026-04-03 04:49:46 [TAPT] INFO -   Batch Size: 50
2026-04-03 04:49:46 [TAPT] INFO -   Num Runs: 5
2026-04-03 04:49:46 [TAPT] INFO -   Seed: 4
2026-04-03 04:49:46 [TAPT] INFO -   GPU: 0
2026-04-03 04:49:46 [TAPT] INFO - --------------------------------------------------------------------------------
2026-04-03 04:49:46 [TAPT] INFO - Model Configuration:
2026-04-03 04:49:46 [TAPT] INFO -   Encoder: CMPNN
2026-04-03 04:49:46 [TAPT] INFO -   Hidden Size: 300
2026-04-03 04:49:46 [TAPT] INFO -   Depth: 3
2026-04-03 04:49:46 [TAPT] INFO -   Dropout: 0.0
2026-04-03 04:49:46 [TAPT] INFO -   FFN Hidden Size: 300
2026-04-03 04:49:46 [TAPT] INFO -   FFN Num Layers: 2
2026-04-03 04:49:46 [TAPT] INFO - --------------------------------------------------------------------------------
2026-04-03 04:49:46 [TAPT] INFO - TAPT Configuration:
2026-04-03 04:49:46 [TAPT] INFO -   Prompt Dimension: 256
2026-04-03 04:49:46 [TAPT] INFO -   Prompt Tokens: 5
2026-04-03 04:49:46 [TAPT] INFO -   Task ID: 0
2026-04-03 04:49:46 [TAPT] INFO -   Backbone Learning Rate: 1e-05
2026-04-03 04:49:46 [TAPT] INFO -   Prompt Learning Rate: 0.0001
2026-04-03 04:49:46 [TAPT] INFO -   Freeze Encoder: False
2026-04-03 04:49:46 [TAPT] INFO -   Injection Layers: None
2026-04-03 04:49:46 [TAPT] INFO -   TAPT Dropout: 0.1
2026-04-03 04:49:46 [TAPT] INFO -   Weight Decay: 0.0
2026-04-03 04:49:46 [TAPT] INFO - --------------------------------------------------------------------------------
2026-04-03 04:49:46 [TAPT] INFO - Checkpoint Configuration:
2026-04-03 04:49:46 [TAPT] INFO -   Checkpoint Path: ./dumped/pretrained_graph_encoder/original_CMPN_0623_1350_14000th_epoch.pkl
2026-04-03 04:49:46 [TAPT] INFO - ================================================================================
2026-04-03 04:49:46 [TAPT] INFO - 
2026-04-03 04:49:46 [TAPT] INFO - Validating TAPT requirements...
2026-04-03 04:49:46 [TAPT] INFO - TAPT model module found
2026-04-03 04:49:46 [TAPT] INFO - All TAPT requirements satisfied
2026-04-03 04:49:46 [TAPT] INFO - Starting training...
2026-04-03 04:49:46 [TAPT] INFO - 
2026-04-03 04:49:46 [TAPT] INFO - Loading data
2026-04-03 04:49:46 [TAPT] INFO - Number of tasks = 1
2026-04-03 04:49:46 [TAPT] DEBUG - Splitting data with seed 4
2026-04-03 04:49:46 [TAPT] DEBUG - Total scaffolds = 1,025 | train scaffolds = 822 | val scaffolds = 112 | test scaffolds = 91
2026-04-03 04:49:46 [TAPT] DEBUG - Label averages per scaffold, in decreasing order of scaffold frequency,capped at 10 scaffolds and 20 labels: [(array([0.72992701]), array([137])), (array([1.]), array([1])), (array([1.]), array([1])), (array([0.75]), array([4])), (array([1.]), array([1])), (array([1.]), array([1])), (array([1.]), array([1])), (array([1.]), array([1])), (array([1.]), array([2])), (array([1.]), array([1]))]
2026-04-03 04:49:46 [TAPT] DEBUG - Class sizes
2026-04-03 04:49:46 [TAPT] DEBUG - p_np 0: 23.49%, 1: 76.51%
2026-04-03 04:49:46 [TAPT] DEBUG - Total size = 2,039 | train size = 1,631 | val size = 203 | test size = 205
2026-04-03 04:49:46 [TAPT] INFO - 
================================================================================
2026-04-03 04:49:46 [TAPT] INFO - Starting Run 1/5
2026-04-03 04:49:46 [TAPT] INFO - ================================================================================

2026-04-03 04:49:46 [TAPT] INFO - Training Model 1/5
2026-04-03 04:49:46 [TAPT] INFO - Building TAPT model
2026-04-03 04:49:46 [TAPT] INFO - Loading encoder checkpoint: ./dumped/pretrained_graph_encoder/original_CMPN_0623_1350_14000th_epoch.pkl
2026-04-03 04:49:46 [TAPT] INFO - Encoder weights loaded: 1,932,300 parameters
2026-04-03 04:49:46 [TAPT] DEBUG - Missing keys: 17
2026-04-03 04:49:46 [TAPT] INFO - TAPT model built with prompt_dim=256
2026-04-03 04:49:46 [TAPT] DEBUG - MoleculeModel(
  (sigmoid): Sigmoid()
  (encoder): CMPNAdapter(
    (cmpn): CMPN(
      (encoder): CMPNEncoder(
        (dropout_layer): Dropout(p=0.0, inplace=False)
        (act_func): ReLU()
        (W_i_atom): Linear(in_features=133, out_features=300, bias=False)
        (W_i_bond): Linear(in_features=147, out_features=300, bias=False)
        (W_h_atom): Linear(in_features=447, out_features=300, bias=False)
        (W_h_0): Linear(in_features=300, out_features=300, bias=False)
        (W_h_1): Linear(in_features=300, out_features=300, bias=False)
        (W_o): Linear(in_features=600, out_features=300, bias=True)
        (gru): BatchGRU(
          (gru): GRU(300, 300, batch_first=True, bidirectional=True)
        )
        (lr): Linear(in_features=900, out_features=300, bias=False)
      )
    )
    (encoder): CMPNEncoder(
      (dropout_layer): Dropout(p=0.0, inplace=False)
      (act_func): ReLU()
      (W_i_atom): Linear(in_features=133, out_features=300, bias=False)
      (W_i_bond): Linear(in_features=147, out_features=300, bias=False)
      (W_h_atom): Linear(in_features=447, out_features=300, bias=False)
      (W_h_0): Linear(in_features=300, out_features=300, bias=False)
      (W_h_1): Linear(in_features=300, out_features=300, bias=False)
      (W_o): Linear(in_features=600, out_features=300, bias=True)
      (gru): BatchGRU(
        (gru): GRU(300, 300, batch_first=True, bidirectional=True)
      )
      (lr): Linear(in_features=900, out_features=300, bias=False)
    )
  )
  (ffn): Sequential(
    (0): Dropout(p=0.0, inplace=False)
    (1): Linear(in_features=300, out_features=300, bias=True)
    (2): ReLU()
    (3): Dropout(p=0.0, inplace=False)
    (4): Linear(in_features=300, out_features=1, bias=True)
  )
  (tapt_module): TAPTPromptModule(
    (task_embed_layer): TaskEmbeddingLayer(
      (task_embed): Embedding(1, 128)
    )
    (cross_attn): CrossAttentionModule(
      (fg_proj): Linear(in_features=133, out_features=256, bias=True)
      (task_proj): Linear(in_features=128, out_features=256, bias=True)
      (value_proj): Linear(in_features=133, out_features=256, bias=True)
      (out_proj): Linear(in_features=256, out_features=256, bias=True)
    )
    (fusion_proj): Sequential(
      (0): Linear(in_features=256, out_features=256, bias=True)
      (1): ReLU()
      (2): Linear(in_features=256, out_features=256, bias=True)
    )
  )
)
2026-04-03 04:49:46 [TAPT] DEBUG - Number of parameters = 2,322,037
2026-04-03 04:49:46 [TAPT] DEBUG - Moving model to cuda
2026-04-03 04:49:49 [TAPT] INFO - Optimizer: Differential learning rates (Encoder + TAPT)
2026-04-03 04:49:49 [TAPT] INFO - Scheduler: NoamLR (differential LR)
2026-04-03 04:49:49 [TAPT] INFO - 
================================================================================
2026-04-03 04:49:49 [TAPT] INFO - MODEL ARCHITECTURE SUMMARY
2026-04-03 04:49:49 [TAPT] INFO - ================================================================================
2026-04-03 04:49:49 [TAPT] INFO - Total parameters: 2,322,037
2026-04-03 04:49:49 [TAPT] INFO - Trainable parameters: 2,322,037 (100.00%)
2026-04-03 04:49:49 [TAPT] INFO - Frozen parameters: 0 (0.00%)
2026-04-03 04:49:49 [TAPT] INFO - TAPT parameters: 299,136 (12.88% of trainable)
2026-04-03 04:49:49 [TAPT] INFO - ================================================================================

2026-04-03 04:49:49 [TAPT] INFO - Epoch 1/100
2026-04-03 04:49:54 [TAPT] INFO - Epoch 2/100
2026-04-03 04:49:59 [TAPT] INFO - Epoch 3/100
2026-04-03 04:50:04 [TAPT] INFO - Epoch 4/100
2026-04-03 04:50:10 [TAPT] INFO - Epoch 5/100
2026-04-03 04:50:14 [TAPT] INFO - Epoch 6/100
2026-04-03 04:50:19 [TAPT] INFO - Epoch 7/100
2026-04-03 04:50:24 [TAPT] INFO - Epoch 8/100
2026-04-03 04:50:29 [TAPT] DEBUG - No improvement. Patience: 1/30
2026-04-03 04:50:29 [TAPT] INFO - Epoch 9/100
2026-04-03 04:50:34 [TAPT] INFO - Epoch 10/100
2026-04-03 04:50:39 [TAPT] DEBUG - No improvement. Patience: 1/30
2026-04-03 04:50:39 [TAPT] INFO - Epoch 11/100
2026-04-03 04:50:44 [TAPT] DEBUG - No improvement. Patience: 2/30
2026-04-03 04:50:44 [TAPT] INFO - Epoch 12/100
2026-04-03 04:50:49 [TAPT] DEBUG - No improvement. Patience: 3/30
2026-04-03 04:50:49 [TAPT] INFO - Epoch 13/100
2026-04-03 04:50:54 [TAPT] DEBUG - No improvement. Patience: 4/30
2026-04-03 04:50:54 [TAPT] INFO - Epoch 14/100
2026-04-03 04:50:59 [TAPT] DEBUG - No improvement. Patience: 5/30
2026-04-03 04:50:59 [TAPT] INFO - Epoch 15/100
2026-04-03 04:51:04 [TAPT] INFO - Epoch 16/100
2026-04-03 04:51:09 [TAPT] DEBUG - No improvement. Patience: 1/30
2026-04-03 04:51:09 [TAPT] INFO - Epoch 17/100
2026-04-03 04:51:14 [TAPT] DEBUG - No improvement. Patience: 2/30
2026-04-03 04:51:14 [TAPT] INFO - Epoch 18/100
2026-04-03 04:51:19 [TAPT] DEBUG - No improvement. Patience: 3/30
2026-04-03 04:51:19 [TAPT] INFO - Epoch 19/100
2026-04-03 04:51:24 [TAPT] DEBUG - No improvement. Patience: 4/30
2026-04-03 04:51:24 [TAPT] INFO - Epoch 20/100
2026-04-03 04:51:29 [TAPT] DEBUG - No improvement. Patience: 5/30
2026-04-03 04:51:29 [TAPT] INFO - Epoch 21/100
2026-04-03 04:51:34 [TAPT] DEBUG - No improvement. Patience: 6/30
2026-04-03 04:51:34 [TAPT] INFO - Epoch 22/100
2026-04-03 04:51:38 [TAPT] DEBUG - No improvement. Patience: 7/30
2026-04-03 04:51:38 [TAPT] INFO - Epoch 23/100
2026-04-03 04:51:43 [TAPT] DEBUG - No improvement. Patience: 8/30
2026-04-03 04:51:43 [TAPT] INFO - Epoch 24/100
2026-04-03 04:51:49 [TAPT] DEBUG - No improvement. Patience: 9/30
2026-04-03 04:51:49 [TAPT] INFO - Epoch 25/100
2026-04-03 04:51:54 [TAPT] DEBUG - No improvement. Patience: 10/30
2026-04-03 04:51:54 [TAPT] INFO - Epoch 26/100
2026-04-03 04:51:59 [TAPT] DEBUG - No improvement. Patience: 11/30
2026-04-03 04:51:59 [TAPT] INFO - Epoch 27/100
2026-04-03 04:52:04 [TAPT] DEBUG - No improvement. Patience: 12/30
2026-04-03 04:52:04 [TAPT] INFO - Epoch 28/100
2026-04-03 04:52:08 [TAPT] DEBUG - No improvement. Patience: 13/30
2026-04-03 04:52:08 [TAPT] INFO - Epoch 29/100
2026-04-03 04:52:13 [TAPT] DEBUG - No improvement. Patience: 14/30
2026-04-03 04:52:13 [TAPT] INFO - Epoch 30/100
2026-04-03 04:52:19 [TAPT] DEBUG - No improvement. Patience: 15/30
2026-04-03 04:52:19 [TAPT] INFO - Epoch 31/100
2026-04-03 04:52:24 [TAPT] DEBUG - No improvement. Patience: 16/30
2026-04-03 04:52:24 [TAPT] INFO - Epoch 32/100
2026-04-03 04:52:28 [TAPT] DEBUG - No improvement. Patience: 17/30
2026-04-03 04:52:28 [TAPT] INFO - Epoch 33/100
2026-04-03 04:52:33 [TAPT] DEBUG - No improvement. Patience: 18/30
2026-04-03 04:52:33 [TAPT] INFO - Epoch 34/100
2026-04-03 04:52:38 [TAPT] DEBUG - No improvement. Patience: 19/30
2026-04-03 04:52:38 [TAPT] INFO - Epoch 35/100
2026-04-03 04:52:43 [TAPT] DEBUG - No improvement. Patience: 20/30
2026-04-03 04:52:43 [TAPT] INFO - Epoch 36/100
2026-04-03 04:52:48 [TAPT] DEBUG - No improvement. Patience: 21/30
2026-04-03 04:52:48 [TAPT] INFO - Epoch 37/100
2026-04-03 04:52:53 [TAPT] DEBUG - No improvement. Patience: 22/30
2026-04-03 04:52:53 [TAPT] INFO - Epoch 38/100
2026-04-03 04:52:58 [TAPT] DEBUG - No improvement. Patience: 23/30
2026-04-03 04:52:58 [TAPT] INFO - Epoch 39/100
2026-04-03 04:53:03 [TAPT] DEBUG - No improvement. Patience: 24/30
2026-04-03 04:53:03 [TAPT] INFO - Epoch 40/100
2026-04-03 04:53:08 [TAPT] DEBUG - No improvement. Patience: 25/30
2026-04-03 04:53:08 [TAPT] INFO - Epoch 41/100
2026-04-03 04:53:13 [TAPT] DEBUG - No improvement. Patience: 26/30
2026-04-03 04:53:13 [TAPT] INFO - Epoch 42/100
2026-04-03 04:53:17 [TAPT] DEBUG - No improvement. Patience: 27/30
2026-04-03 04:53:17 [TAPT] INFO - Epoch 43/100
2026-04-03 04:53:23 [TAPT] DEBUG - No improvement. Patience: 28/30
2026-04-03 04:53:23 [TAPT] INFO - Epoch 44/100
2026-04-03 04:53:28 [TAPT] DEBUG - No improvement. Patience: 29/30
2026-04-03 04:53:28 [TAPT] INFO - Epoch 45/100
2026-04-03 04:53:33 [TAPT] DEBUG - No improvement. Patience: 30/30
2026-04-03 04:53:33 [TAPT] INFO - Early stopping at epoch 44. Best epoch: 14
2026-04-03 04:53:33 [TAPT] INFO - Model 0 best validation auc = 0.909997 on epoch 14
2026-04-03 04:53:33 [TAPT] INFO - Training Model 2/5
2026-04-03 04:53:33 [TAPT] INFO - Building TAPT model
2026-04-03 04:53:33 [TAPT] INFO - Loading encoder checkpoint: ./dumped/pretrained_graph_encoder/original_CMPN_0623_1350_14000th_epoch.pkl
2026-04-03 04:53:33 [TAPT] INFO - Encoder weights loaded: 1,932,300 parameters
2026-04-03 04:53:33 [TAPT] DEBUG - Missing keys: 17
2026-04-03 04:53:33 [TAPT] INFO - TAPT model built with prompt_dim=256
2026-04-03 04:53:33 [TAPT] DEBUG - MoleculeModel(
  (sigmoid): Sigmoid()
  (encoder): CMPNAdapter(
    (cmpn): CMPN(
      (encoder): CMPNEncoder(
        (dropout_layer): Dropout(p=0.0, inplace=False)
        (act_func): ReLU()
        (W_i_atom): Linear(in_features=133, out_features=300, bias=False)
        (W_i_bond): Linear(in_features=147, out_features=300, bias=False)
        (W_h_atom): Linear(in_features=447, out_features=300, bias=False)
        (W_h_0): Linear(in_features=300, out_features=300, bias=False)
        (W_h_1): Linear(in_features=300, out_features=300, bias=False)
        (W_o): Linear(in_features=600, out_features=300, bias=True)
        (gru): BatchGRU(
          (gru): GRU(300, 300, batch_first=True, bidirectional=True)
        )
        (lr): Linear(in_features=900, out_features=300, bias=False)
      )
    )
    (encoder): CMPNEncoder(
      (dropout_layer): Dropout(p=0.0, inplace=False)
      (act_func): ReLU()
      (W_i_atom): Linear(in_features=133, out_features=300, bias=False)
      (W_i_bond): Linear(in_features=147, out_features=300, bias=False)
      (W_h_atom): Linear(in_features=447, out_features=300, bias=False)
      (W_h_0): Linear(in_features=300, out_features=300, bias=False)
      (W_h_1): Linear(in_features=300, out_features=300, bias=False)
      (W_o): Linear(in_features=600, out_features=300, bias=True)
      (gru): BatchGRU(
        (gru): GRU(300, 300, batch_first=True, bidirectional=True)
      )
      (lr): Linear(in_features=900, out_features=300, bias=False)
    )
  )
  (ffn): Sequential(
    (0): Dropout(p=0.0, inplace=False)
    (1): Linear(in_features=300, out_features=300, bias=True)
    (2): ReLU()
    (3): Dropout(p=0.0, inplace=False)
    (4): Linear(in_features=300, out_features=1, bias=True)
  )
  (tapt_module): TAPTPromptModule(
    (task_embed_layer): TaskEmbeddingLayer(
      (task_embed): Embedding(1, 128)
    )
    (cross_attn): CrossAttentionModule(
      (fg_proj): Linear(in_features=133, out_features=256, bias=True)
      (task_proj): Linear(in_features=128, out_features=256, bias=True)
      (value_proj): Linear(in_features=133, out_features=256, bias=True)
      (out_proj): Linear(in_features=256, out_features=256, bias=True)
    )
    (fusion_proj): Sequential(
      (0): Linear(in_features=256, out_features=256, bias=True)
      (1): ReLU()
      (2): Linear(in_features=256, out_features=256, bias=True)
    )
  )
)
2026-04-03 04:53:33 [TAPT] DEBUG - Number of parameters = 2,322,037
2026-04-03 04:53:33 [TAPT] DEBUG - Moving model to cuda
2026-04-03 04:53:33 [TAPT] INFO - Optimizer: Differential learning rates (Encoder + TAPT)
2026-04-03 04:53:33 [TAPT] INFO - Scheduler: NoamLR (differential LR)
2026-04-03 04:53:33 [TAPT] INFO - Epoch 1/100
2026-04-03 04:53:38 [TAPT] INFO - Epoch 2/100
2026-04-03 04:53:43 [TAPT] INFO - Epoch 3/100
2026-04-03 04:53:48 [TAPT] INFO - Epoch 4/100
2026-04-03 04:53:53 [TAPT] INFO - Epoch 5/100
2026-04-03 04:53:58 [TAPT] INFO - Epoch 6/100
2026-04-03 04:54:03 [TAPT] DEBUG - No improvement. Patience: 1/30
2026-04-03 04:54:03 [TAPT] INFO - Epoch 7/100
